C:\afeka\ParallelComputing\finalProject_327366746\FinalProject\Histograma\x64\Debug\cl.command.1.tlog
C:\afeka\ParallelComputing\finalProject_327366746\FinalProject\Histograma\x64\Debug\CL.read.1.tlog
C:\afeka\ParallelComputing\finalProject_327366746\FinalProject\Histograma\x64\Debug\CL.write.1.tlog
C:\AFEKA\PARALLELCOMPUTING\FINALPROJECT_327366746\FINALPROJECT\HISTOGRAMA\X64\DEBUG\FILEHANDLER.OBJ
C:\AFEKA\PARALLELCOMPUTING\FINALPROJECT_327366746\FINALPROJECT\HISTOGRAMA\X64\DEBUG\FINALPROJECT.EXE.EMBED.MANIFEST
C:\AFEKA\PARALLELCOMPUTING\FINALPROJECT_327366746\FINALPROJECT\HISTOGRAMA\X64\DEBUG\FINALPROJECT.EXE.EMBED.MANIFEST.RES
C:\AFEKA\PARALLELCOMPUTING\FINALPROJECT_327366746\FINALPROJECT\HISTOGRAMA\X64\DEBUG\FINALPROJECT.EXE.INTERMEDIATE.MANIFEST
C:\afeka\ParallelComputing\finalProject_327366746\FinalProject\Histograma\x64\Debug\FinalProject.write.1.tlog
C:\afeka\ParallelComputing\finalProject_327366746\FinalProject\Histograma\x64\Debug\FinalProject_manifest.rc
C:\afeka\ParallelComputing\finalProject_327366746\FinalProject\Histograma\x64\Debug\Histograma.vcxprojResolveAssemblyReference.cache
C:\afeka\ParallelComputing\finalProject_327366746\FinalProject\Histograma\x64\Debug\kernel.cu.cache
C:\afeka\ParallelComputing\finalProject_327366746\FinalProject\Histograma\x64\Debug\kernel.cu.obj
C:\afeka\ParallelComputing\finalProject_327366746\FinalProject\Histograma\x64\Debug\link.7704.read.1.tlog
C:\afeka\ParallelComputing\finalProject_327366746\FinalProject\Histograma\x64\Debug\link.7704.write.1.tlog
C:\afeka\ParallelComputing\finalProject_327366746\FinalProject\Histograma\x64\Debug\link.7704-cvtres.read.1.tlog
C:\afeka\ParallelComputing\finalProject_327366746\FinalProject\Histograma\x64\Debug\link.7704-cvtres.write.1.tlog
C:\afeka\ParallelComputing\finalProject_327366746\FinalProject\Histograma\x64\Debug\link.9160.read.1.tlog
C:\afeka\ParallelComputing\finalProject_327366746\FinalProject\Histograma\x64\Debug\link.9160.write.1.tlog
C:\afeka\ParallelComputing\finalProject_327366746\FinalProject\Histograma\x64\Debug\link.9160-cvtres.read.1.tlog
C:\afeka\ParallelComputing\finalProject_327366746\FinalProject\Histograma\x64\Debug\link.9160-cvtres.write.1.tlog
C:\afeka\ParallelComputing\finalProject_327366746\FinalProject\Histograma\x64\Debug\link.command.1.tlog
C:\afeka\ParallelComputing\finalProject_327366746\FinalProject\Histograma\x64\Debug\link.read.1.tlog
C:\afeka\ParallelComputing\finalProject_327366746\FinalProject\Histograma\x64\Debug\link.write.1.tlog
C:\afeka\ParallelComputing\finalProject_327366746\FinalProject\Histograma\x64\Debug\link-cvtres.read.1.tlog
C:\afeka\ParallelComputing\finalProject_327366746\FinalProject\Histograma\x64\Debug\link-cvtres.write.1.tlog
C:\AFEKA\PARALLELCOMPUTING\FINALPROJECT_327366746\FINALPROJECT\HISTOGRAMA\X64\DEBUG\MAIN.OBJ
C:\afeka\ParallelComputing\finalProject_327366746\FinalProject\Histograma\x64\Debug\mt.command.1.tlog
C:\afeka\ParallelComputing\finalProject_327366746\FinalProject\Histograma\x64\Debug\mt.read.1.tlog
C:\afeka\ParallelComputing\finalProject_327366746\FinalProject\Histograma\x64\Debug\mt.write.1.tlog
C:\afeka\ParallelComputing\finalProject_327366746\FinalProject\Histograma\x64\Debug\rc.command.1.tlog
C:\afeka\ParallelComputing\finalProject_327366746\FinalProject\Histograma\x64\Debug\rc.read.1.tlog
C:\afeka\ParallelComputing\finalProject_327366746\FinalProject\Histograma\x64\Debug\rc.write.1.tlog
C:\afeka\ParallelComputing\finalProject_327366746\FinalProject\Histograma\x64\Debug\vc100.idb
C:\AFEKA\PARALLELCOMPUTING\FINALPROJECT_327366746\FINALPROJECT\HISTOGRAMA\X64\DEBUG\VC100.PDB
C:\AFEKA\PARALLELCOMPUTING\FINALPROJECT_327366746\FINALPROJECT\X64\DEBUG\FINALPROJECT.EXE
C:\AFEKA\PARALLELCOMPUTING\FINALPROJECT_327366746\FINALPROJECT\X64\DEBUG\FINALPROJECT.ILK
C:\AFEKA\PARALLELCOMPUTING\FINALPROJECT_327366746\FINALPROJECT\X64\DEBUG\FINALPROJECT.PDB
