C:\Users\afeka.ACADEMIC\Desktop\Zohar\Histograma\Histograma\x64\Debug\cl.command.1.tlog
C:\Users\afeka.ACADEMIC\Desktop\Zohar\Histograma\Histograma\x64\Debug\CL.read.1.tlog
C:\Users\afeka.ACADEMIC\Desktop\Zohar\Histograma\Histograma\x64\Debug\CL.write.1.tlog
C:\USERS\AFEKA.ACADEMIC\DESKTOP\ZOHAR\HISTOGRAMA\HISTOGRAMA\X64\DEBUG\HISTOGRAMA.EXE.EMBED.MANIFEST
C:\USERS\AFEKA.ACADEMIC\DESKTOP\ZOHAR\HISTOGRAMA\HISTOGRAMA\X64\DEBUG\HISTOGRAMA.EXE.EMBED.MANIFEST.RES
C:\USERS\AFEKA.ACADEMIC\DESKTOP\ZOHAR\HISTOGRAMA\HISTOGRAMA\X64\DEBUG\HISTOGRAMA.EXE.INTERMEDIATE.MANIFEST
C:\Users\afeka.ACADEMIC\Desktop\Zohar\Histograma\Histograma\x64\Debug\Histograma.vcxprojResolveAssemblyReference.cache
C:\Users\afeka.ACADEMIC\Desktop\Zohar\Histograma\Histograma\x64\Debug\Histograma.write.1.tlog
C:\Users\afeka.ACADEMIC\Desktop\Zohar\Histograma\Histograma\x64\Debug\Histograma_manifest.rc
C:\Users\afeka.ACADEMIC\Desktop\Zohar\Histograma\Histograma\x64\Debug\kernel.cu.cache
C:\Users\afeka.ACADEMIC\Desktop\Zohar\Histograma\Histograma\x64\Debug\kernel.cu.obj
C:\Users\afeka.ACADEMIC\Desktop\Zohar\Histograma\Histograma\x64\Debug\link.8116.read.1.tlog
C:\Users\afeka.ACADEMIC\Desktop\Zohar\Histograma\Histograma\x64\Debug\link.8116.write.1.tlog
C:\Users\afeka.ACADEMIC\Desktop\Zohar\Histograma\Histograma\x64\Debug\link.8116-cvtres.read.1.tlog
C:\Users\afeka.ACADEMIC\Desktop\Zohar\Histograma\Histograma\x64\Debug\link.8116-cvtres.write.1.tlog
C:\Users\afeka.ACADEMIC\Desktop\Zohar\Histograma\Histograma\x64\Debug\link.command.1.tlog
C:\Users\afeka.ACADEMIC\Desktop\Zohar\Histograma\Histograma\x64\Debug\link.read.1.tlog
C:\Users\afeka.ACADEMIC\Desktop\Zohar\Histograma\Histograma\x64\Debug\link.write.1.tlog
C:\Users\afeka.ACADEMIC\Desktop\Zohar\Histograma\Histograma\x64\Debug\link-cvtres.read.1.tlog
C:\Users\afeka.ACADEMIC\Desktop\Zohar\Histograma\Histograma\x64\Debug\link-cvtres.write.1.tlog
C:\USERS\AFEKA.ACADEMIC\DESKTOP\ZOHAR\HISTOGRAMA\HISTOGRAMA\X64\DEBUG\MAIN.OBJ
C:\Users\afeka.ACADEMIC\Desktop\Zohar\Histograma\Histograma\x64\Debug\mt.command.1.tlog
C:\Users\afeka.ACADEMIC\Desktop\Zohar\Histograma\Histograma\x64\Debug\mt.read.1.tlog
C:\Users\afeka.ACADEMIC\Desktop\Zohar\Histograma\Histograma\x64\Debug\mt.write.1.tlog
C:\Users\afeka.ACADEMIC\Desktop\Zohar\Histograma\Histograma\x64\Debug\rc.command.1.tlog
C:\Users\afeka.ACADEMIC\Desktop\Zohar\Histograma\Histograma\x64\Debug\rc.read.1.tlog
C:\Users\afeka.ACADEMIC\Desktop\Zohar\Histograma\Histograma\x64\Debug\rc.write.1.tlog
C:\Users\afeka.ACADEMIC\Desktop\Zohar\Histograma\Histograma\x64\Debug\vc100.idb
C:\USERS\AFEKA.ACADEMIC\DESKTOP\ZOHAR\HISTOGRAMA\HISTOGRAMA\X64\DEBUG\VC100.PDB
C:\USERS\AFEKA.ACADEMIC\DESKTOP\ZOHAR\HISTOGRAMA\X64\DEBUG\HISTOGRAMA.EXE
C:\USERS\AFEKA.ACADEMIC\DESKTOP\ZOHAR\HISTOGRAMA\X64\DEBUG\HISTOGRAMA.ILK
C:\USERS\AFEKA.ACADEMIC\DESKTOP\ZOHAR\HISTOGRAMA\X64\DEBUG\HISTOGRAMA.PDB
