Build started 11/29/2017 7:43:28 PM.
     1>Project "C:\afeka\ParallelComputing\Git-FinalProjectKMeans-Zina\KMeans\FinalProject\Histograma\Histograma.vcxproj" on node 2 (build target(s)).
     1>InitializeBuildStatus:
         Creating "x64\Debug\FinalProject.unsuccessfulbuild" because "AlwaysCreate" was specified.
       AddCudaCompileDeps:
       Skipping target "AddCudaCompileDeps" because all output files are up-to-date with respect to the input files.
       AddCudaCompilePropsDeps:
       Skipping target "AddCudaCompilePropsDeps" because all output files are up-to-date with respect to the input files.
       CudaBuild:
       Skipping target "CudaBuild" because all output files are up-to-date with respect to the input files.
       ClCompile:
         C:\Program Files (x86)\Microsoft Visual Studio 10.0\VC\bin\x86_amd64\CL.exe /c /I"C:\Program Files\MPICH2\include" /I"C:\Program Files\NVIDIA GPU Computing Toolkit\CUDA\v7.0\include" /Zi /nologo /W3 /WX- /Od /D WIN32 /D WIN64 /D _DEBUG /D _CONSOLE /D _MBCS /Gm /EHsc /RTC1 /MDd /GS /fp:precise /Zc:wchar_t /Zc:forScope /openmp /Fo"x64\Debug\\" /Fd"x64\Debug\vc100.pdb" /Gd /TP /errorReport:prompt kmeans.cpp
         kmeans.cpp
     1>kmeans.cpp(301): warning C4267: 'initializing' : conversion from 'size_t' to 'int', possible loss of data
         All outputs are up-to-date.
       ManifestResourceCompile:
         All outputs are up-to-date.
       Link:
         C:\Program Files (x86)\Microsoft Visual Studio 10.0\VC\bin\x86_amd64\link.exe /ERRORREPORT:PROMPT /OUT:"C:\afeka\ParallelComputing\Git-FinalProjectKMeans-Zina\KMeans\FinalProject\x64\Debug\FinalProject.exe" /INCREMENTAL /NOLOGO /LIBPATH:"C:\Program Files\MPICH2\lib" /LIBPATH:"C:\Program Files\NVIDIA GPU Computing Toolkit\CUDA\v7.0\lib\x64" mpi.lib cudart.lib kernel32.lib user32.lib gdi32.lib winspool.lib comdlg32.lib advapi32.lib shell32.lib ole32.lib oleaut32.lib uuid.lib odbc32.lib odbccp32.lib kernel32.lib user32.lib gdi32.lib winspool.lib comdlg32.lib advapi32.lib shell32.lib ole32.lib oleaut32.lib uuid.lib odbc32.lib odbccp32.lib /MANIFEST /ManifestFile:"x64\Debug\FinalProject.exe.intermediate.manifest" /MANIFESTUAC:"level='asInvoker' uiAccess='false'" /DEBUG /PDB:"C:\afeka\ParallelComputing\Git-FinalProjectKMeans-Zina\KMeans\FinalProject\x64\Debug\FinalProject.pdb" /SUBSYSTEM:CONSOLE /TLBID:1 /DYNAMICBASE /NXCOMPAT /IMPLIB:"C:\afeka\ParallelComputing\Git-FinalProjectKMeans-Zina\KMeans\FinalProject\x64\Debug\FinalProject.lib" /MACHINE:X64 x64\Debug\kernel.cu.obj
         x64\Debug\FinalProject.exe.embed.manifest.res
         x64\Debug\FileHandler.obj
         x64\Debug\kmeans.obj
         x64\Debug\main.obj
         Histograma.vcxproj -> C:\afeka\ParallelComputing\Git-FinalProjectKMeans-Zina\KMeans\FinalProject\x64\Debug\FinalProject.exe
       Manifest:
         C:\Program Files (x86)\Microsoft SDKs\Windows\v7.0A\bin\mt.exe /nologo /verbose /out:"x64\Debug\FinalProject.exe.embed.manifest" /manifest x64\Debug\FinalProject.exe.intermediate.manifest
         All outputs are up-to-date.
       LinkEmbedManifest:
         All outputs are up-to-date.
         Histograma.vcxproj -> C:\afeka\ParallelComputing\Git-FinalProjectKMeans-Zina\KMeans\FinalProject\x64\Debug\FinalProject.exe
       PostBuildEvent:
         echo copy "C:\Program Files\NVIDIA GPU Computing Toolkit\CUDA\v7.0\bin\cudart*.dll" "C:\afeka\ParallelComputing\Git-FinalProjectKMeans-Zina\KMeans\FinalProject\x64\Debug\"
         copy "C:\Program Files\NVIDIA GPU Computing Toolkit\CUDA\v7.0\bin\cudart*.dll" "C:\afeka\ParallelComputing\Git-FinalProjectKMeans-Zina\KMeans\FinalProject\x64\Debug\"
         :VCEnd
         copy "C:\Program Files\NVIDIA GPU Computing Toolkit\CUDA\v7.0\bin\cudart*.dll" "C:\afeka\ParallelComputing\Git-FinalProjectKMeans-Zina\KMeans\FinalProject\x64\Debug\"
         C:\Program Files\NVIDIA GPU Computing Toolkit\CUDA\v7.0\bin\cudart32_70.dll
         C:\Program Files\NVIDIA GPU Computing Toolkit\CUDA\v7.0\bin\cudart64_70.dll
                 2 file(s) copied.
       FinalizeBuildStatus:
         Deleting file "x64\Debug\FinalProject.unsuccessfulbuild".
         Touching "x64\Debug\FinalProject.lastbuildstate".
     1>Done Building Project "C:\afeka\ParallelComputing\Git-FinalProjectKMeans-Zina\KMeans\FinalProject\Histograma\Histograma.vcxproj" (build target(s)).

Build succeeded.

Time Elapsed 00:00:01.90
